#
# There is insufficient memory for the Java Runtime Environment to continue.
# Native memory allocation (malloc) failed to allocate 335824 bytes for Chunk::new
# Possible reasons:
#   The system is out of physical RAM or swap space
#   The process is running with CompressedOops enabled, and the Java Heap may be blocking the growth of the native heap
# Possible solutions:
#   Reduce memory load on the system
#   Increase physical memory or swap space
#   Check if swap backing store is full
#   Decrease Java heap size (-Xmx/-Xms)
#   Decrease number of Java threads
#   Decrease Java thread stack sizes (-Xss)
#   Set larger code cache with -XX:ReservedCodeCacheSize=
#   JVM is running with Zero Based Compressed Oops mode in which the Java heap is
#     placed in the first 32GB address space. The Java Heap base address is the
#     maximum limit for the native heap growth. Please use -XX:HeapBaseMinAddress
#     to set the Java Heap base and to place the Java Heap above 32GB virtual address.
# This output file may be truncated or incomplete.
#
#  Out of Memory Error (arena.cpp:189), pid=6432, tid=5612
#
# JRE version: OpenJDK Runtime Environment JBR-17.0.8.1+7-1063.1-nomod (17.0.8.1+7) (build 17.0.8.1+7-b1063.1)
# Java VM: OpenJDK 64-Bit Server VM JBR-17.0.8.1+7-1063.1-nomod (17.0.8.1+7-b1063.1, mixed mode, tiered, compressed oops, compressed class ptrs, g1 gc, windows-amd64)
# No core dump will be written. Minidumps are not enabled by default on client versions of Windows
#

---------------  S U M M A R Y ------------

Command Line: -javaagent:C:\Program Files\JetBrains\IntelliJ IDEA Community Edition 2023.2.2\lib\idea_rt.jar=51693:C:\Program Files\JetBrains\IntelliJ IDEA Community Edition 2023.2.2\bin -Dfile.encoding=UTF-8 med.voll.api.ApiApplication

Host: Intel(R) Core(TM) i7-7700HQ CPU @ 2.80GHz, 8 cores, 15G,  Windows 10 , 64 bit Build 19041 (10.0.19041.3393)
Time: Thu Sep 28 17:10:55 2023 E. South America Standard Time elapsed time: 1.024704 seconds (0d 0h 0m 1s)

---------------  T H R E A D  ---------------

Current thread (0x0000023c5da87a10):  JavaThread "C2 CompilerThread0" daemon [_thread_in_native, id=5612, stack(0x000000955f600000,0x000000955f700000)]


Current CompileTask:
C2:   1024 1094  s!   4       jdk.internal.loader.URLClassPath::getLoader (194 bytes)

Stack: [0x000000955f600000,0x000000955f700000]
Native frames: (J=compiled Java code, j=interpreted, Vv=VM code, C=native code)
V  [jvm.dll+0x6852da]


---------------  P R O C E S S  ---------------

Threads class SMR info:
_java_thread_list=0x0000023c625398c0, length=16, elements={
0x0000023c3ec7d090, 0x0000023c5da4d610, 0x0000023c5da4eb00, 0x0000023c5da66b30,
0x0000023c5da67600, 0x0000023c5da68670, 0x0000023c5da7cbe0, 0x0000023c5da87a10,
0x0000023c5da88b70, 0x0000023c5da89c20, 0x0000023c5db7ebd0, 0x0000023c5dd4a470,
0x0000023c62144fa0, 0x0000023c62145890, 0x0000023c62aea240, 0x0000023c62d3e180
}

Java Threads: ( => current thread )
  0x0000023c3ec7d090 JavaThread "main" [_thread_blocked, id=10728, stack(0x000000955e900000,0x000000955ea00000)]
  0x0000023c5da4d610 JavaThread "Reference Handler" daemon [_thread_blocked, id=12236, stack(0x000000955f000000,0x000000955f100000)]
  0x0000023c5da4eb00 JavaThread "Finalizer" daemon [_thread_blocked, id=18420, stack(0x000000955f100000,0x000000955f200000)]
  0x0000023c5da66b30 JavaThread "Signal Dispatcher" daemon [_thread_blocked, id=14048, stack(0x000000955f200000,0x000000955f300000)]
  0x0000023c5da67600 JavaThread "Attach Listener" daemon [_thread_in_vm, id=10368, stack(0x000000955f300000,0x000000955f400000)]
  0x0000023c5da68670 JavaThread "Service Thread" daemon [_thread_blocked, id=21488, stack(0x000000955f400000,0x000000955f500000)]
  0x0000023c5da7cbe0 JavaThread "Monitor Deflation Thread" daemon [_thread_blocked, id=11768, stack(0x000000955f500000,0x000000955f600000)]
=>0x0000023c5da87a10 JavaThread "C2 CompilerThread0" daemon [_thread_in_native, id=5612, stack(0x000000955f600000,0x000000955f700000)]
  0x0000023c5da88b70 JavaThread "C1 CompilerThread0" daemon [_thread_blocked, id=16104, stack(0x000000955f700000,0x000000955f800000)]
  0x0000023c5da89c20 JavaThread "Sweeper thread" daemon [_thread_blocked, id=4972, stack(0x000000955f800000,0x000000955f900000)]
  0x0000023c5db7ebd0 JavaThread "Common-Cleaner" daemon [_thread_blocked, id=1436, stack(0x000000955f900000,0x000000955fa00000)]
  0x0000023c5dd4a470 JavaThread "C2 CompilerThread1" daemon [_thread_blocked, id=10608, stack(0x000000955fa00000,0x000000955fb00000)]
  0x0000023c62144fa0 JavaThread "Monitor Ctrl-Break" daemon [_thread_in_native, id=10252, stack(0x000000955fb00000,0x000000955fc00000)]
  0x0000023c62145890 JavaThread "Notification Thread" daemon [_thread_blocked, id=18708, stack(0x000000955fc00000,0x000000955fd00000)]
  0x0000023c62aea240 JavaThread "Thread-0" [_thread_blocked, id=13284, stack(0x000000955fe00000,0x000000955ff00000)]
  0x0000023c62d3e180 JavaThread "restartedMain" [_thread_in_vm, id=14876, stack(0x000000955ff00000,0x0000009560000000)]

Other Threads:
  0x0000023c5d8ada70 VMThread "VM Thread" [stack: 0x000000955ef00000,0x000000955f000000] [id=16416]
  0x0000023c621e8320 WatcherThread [stack: 0x000000955fd00000,0x000000955fe00000] [id=18820]
  0x0000023c3ece3800 GCTaskThread "GC Thread#0" [stack: 0x000000955ea00000,0x000000955eb00000] [id=20628]
  0x0000023c62bc29f0 GCTaskThread "GC Thread#1" [stack: 0x0000009560000000,0x0000009560100000] [id=6216]
  0x0000023c62aa1050 GCTaskThread "GC Thread#2" [stack: 0x0000009560100000,0x0000009560200000] [id=12192]
  0x0000023c62aa1310 GCTaskThread "GC Thread#3" [stack: 0x0000009560200000,0x0000009560300000] [id=8772]
  0x0000023c62aa15d0 GCTaskThread "GC Thread#4" [stack: 0x0000009560300000,0x0000009560400000] [id=10696]
  0x0000023c62aa1d10 GCTaskThread "GC Thread#5" [stack: 0x0000009560400000,0x0000009560500000] [id=2312]
  0x0000023c3ecf3d90 ConcurrentGCThread "G1 Main Marker" [stack: 0x000000955eb00000,0x000000955ec00000] [id=20376]
  0x0000023c3ecf4d50 ConcurrentGCThread "G1 Conc#0" [stack: 0x000000955ec00000,0x000000955ed00000] [id=3120]
  0x0000023c3ed2e570 ConcurrentGCThread "G1 Refine#0" [stack: 0x000000955ed00000,0x000000955ee00000] [id=17524]
  0x0000023c5d75c130 ConcurrentGCThread "G1 Service" [stack: 0x000000955ee00000,0x000000955ef00000] [id=18852]

Threads with active compile tasks:
C2 CompilerThread0     1049 1094  s!   4       jdk.internal.loader.URLClassPath::getLoader (194 bytes)

VM state: not at safepoint (normal execution)

VM Mutex/Monitor currently owned by a thread:  ([mutex/lock_event])
[0x0000023c3ec76080] Metaspace_lock - owner thread: 0x0000023c62d3e180

Heap address: 0x0000000702000000, size: 4064 MB, Compressed Oops mode: Zero based, Oop shift amount: 3

CDS archive(s) not mapped
Compressed class space mapped at: 0x0000000800000000-0x0000000840000000, reserved size: 1073741824
Narrow klass base: 0x0000000800000000, Narrow klass shift: 0, Narrow klass range: 0x40000000

GC Precious Log:
 CPUs: 8 total, 8 available
 Memory: 16250M
 Large Page Support: Disabled
 NUMA Support: Disabled
 Compressed Oops: Enabled (Zero based)
 Heap Region Size: 2M
 Heap Min Capacity: 8M
 Heap Initial Capacity: 254M
 Heap Max Capacity: 4064M
 Pre-touch: Disabled
 Parallel Workers: 8
 Concurrent Workers: 2
 Concurrent Refinement Workers: 8
 Periodic GC: Disabled

Heap:
 garbage-first heap   total 260096K, used 11153K [0x0000000702000000, 0x0000000800000000)
  region size 2048K, 5 young (10240K), 2 survivors (4096K)
 Metaspace       used 14562K, committed 14656K, reserved 1114112K
  class space    used 1476K, committed 1536K, reserved 1048576K

Heap Regions: E=young(eden), S=young(survivor), O=old, HS=humongous(starts), HC=humongous(continues), CS=collection set, F=free, OA=open archive, CA=closed archive, TAMS=top-at-mark-start (previous, next)
|   0|0x0000000702000000, 0x0000000702200000, 0x0000000702200000|100%| O|  |TAMS 0x0000000702000000, 0x0000000702000000| Untracked 
|   1|0x0000000702200000, 0x00000007022e4600, 0x0000000702400000| 44%| O|  |TAMS 0x0000000702200000, 0x0000000702200000| Untracked 
|   2|0x0000000702400000, 0x0000000702400000, 0x0000000702600000|  0%| F|  |TAMS 0x0000000702400000, 0x0000000702400000| Untracked 
|   3|0x0000000702600000, 0x0000000702600000, 0x0000000702800000|  0%| F|  |TAMS 0x0000000702600000, 0x0000000702600000| Untracked 
|   4|0x0000000702800000, 0x0000000702800000, 0x0000000702a00000|  0%| F|  |TAMS 0x0000000702800000, 0x0000000702800000| Untracked 
|   5|0x0000000702a00000, 0x0000000702a00000, 0x0000000702c00000|  0%| F|  |TAMS 0x0000000702a00000, 0x0000000702a00000| Untracked 
|   6|0x0000000702c00000, 0x0000000702c00000, 0x0000000702e00000|  0%| F|  |TAMS 0x0000000702c00000, 0x0000000702c00000| Untracked 
|   7|0x0000000702e00000, 0x0000000702e00000, 0x0000000703000000|  0%| F|  |TAMS 0x0000000702e00000, 0x0000000702e00000| Untracked 
|   8|0x0000000703000000, 0x0000000703000000, 0x0000000703200000|  0%| F|  |TAMS 0x0000000703000000, 0x0000000703000000| Untracked 
|   9|0x0000000703200000, 0x0000000703200000, 0x0000000703400000|  0%| F|  |TAMS 0x0000000703200000, 0x0000000703200000| Untracked 
|  10|0x0000000703400000, 0x0000000703400000, 0x0000000703600000|  0%| F|  |TAMS 0x0000000703400000, 0x0000000703400000| Untracked 
|  11|0x0000000703600000, 0x0000000703600000, 0x0000000703800000|  0%| F|  |TAMS 0x0000000703600000, 0x0000000703600000| Untracked 
|  12|0x0000000703800000, 0x0000000703800000, 0x0000000703a00000|  0%| F|  |TAMS 0x0000000703800000, 0x0000000703800000| Untracked 
|  13|0x0000000703a00000, 0x0000000703a00000, 0x0000000703c00000|  0%| F|  |TAMS 0x0000000703a00000, 0x0000000703a00000| Untracked 
|  14|0x0000000703c00000, 0x0000000703c00000, 0x0000000703e00000|  0%| F|  |TAMS 0x0000000703c00000, 0x0000000703c00000| Untracked 
|  15|0x0000000703e00000, 0x0000000703e00000, 0x0000000704000000|  0%| F|  |TAMS 0x0000000703e00000, 0x0000000703e00000| Untracked 
|  16|0x0000000704000000, 0x0000000704000000, 0x0000000704200000|  0%| F|  |TAMS 0x0000000704000000, 0x0000000704000000| Untracked 
|  17|0x0000000704200000, 0x0000000704200000, 0x0000000704400000|  0%| F|  |TAMS 0x0000000704200000, 0x0000000704200000| Untracked 
|  18|0x0000000704400000, 0x0000000704400000, 0x0000000704600000|  0%| F|  |TAMS 0x0000000704400000, 0x0000000704400000| Untracked 
|  19|0x0000000704600000, 0x0000000704600000, 0x0000000704800000|  0%| F|  |TAMS 0x0000000704600000, 0x0000000704600000| Untracked 
|  20|0x0000000704800000, 0x0000000704800000, 0x0000000704a00000|  0%| F|  |TAMS 0x0000000704800000, 0x0000000704800000| Untracked 
|  21|0x0000000704a00000, 0x0000000704a00000, 0x0000000704c00000|  0%| F|  |TAMS 0x0000000704a00000, 0x0000000704a00000| Untracked 
|  22|0x0000000704c00000, 0x0000000704c00000, 0x0000000704e00000|  0%| F|  |TAMS 0x0000000704c00000, 0x0000000704c00000| Untracked 
|  23|0x0000000704e00000, 0x0000000704e00000, 0x0000000705000000|  0%| F|  |TAMS 0x0000000704e00000, 0x0000000704e00000| Untracked 
|  24|0x0000000705000000, 0x0000000705000000, 0x0000000705200000|  0%| F|  |TAMS 0x0000000705000000, 0x0000000705000000| Untracked 
|  25|0x0000000705200000, 0x0000000705200000, 0x0000000705400000|  0%| F|  |TAMS 0x0000000705200000, 0x0000000705200000| Untracked 
|  26|0x0000000705400000, 0x0000000705400000, 0x0000000705600000|  0%| F|  |TAMS 0x0000000705400000, 0x0000000705400000| Untracked 
|  27|0x0000000705600000, 0x0000000705600000, 0x0000000705800000|  0%| F|  |TAMS 0x0000000705600000, 0x0000000705600000| Untracked 
|  28|0x0000000705800000, 0x0000000705800000, 0x0000000705a00000|  0%| F|  |TAMS 0x0000000705800000, 0x0000000705800000| Untracked 
|  29|0x0000000705a00000, 0x0000000705a00000, 0x0000000705c00000|  0%| F|  |TAMS 0x0000000705a00000, 0x0000000705a00000| Untracked 
|  30|0x0000000705c00000, 0x0000000705c00000, 0x0000000705e00000|  0%| F|  |TAMS 0x0000000705c00000, 0x0000000705c00000| Untracked 
|  31|0x0000000705e00000, 0x0000000705e00000, 0x0000000706000000|  0%| F|  |TAMS 0x0000000705e00000, 0x0000000705e00000| Untracked 
|  32|0x0000000706000000, 0x0000000706000000, 0x0000000706200000|  0%| F|  |TAMS 0x0000000706000000, 0x0000000706000000| Untracked 
|  33|0x0000000706200000, 0x0000000706200000, 0x0000000706400000|  0%| F|  |TAMS 0x0000000706200000, 0x0000000706200000| Untracked 
|  34|0x0000000706400000, 0x0000000706400000, 0x0000000706600000|  0%| F|  |TAMS 0x0000000706400000, 0x0000000706400000| Untracked 
|  35|0x0000000706600000, 0x0000000706600000, 0x0000000706800000|  0%| F|  |TAMS 0x0000000706600000, 0x0000000706600000| Untracked 
|  36|0x0000000706800000, 0x0000000706800000, 0x0000000706a00000|  0%| F|  |TAMS 0x0000000706800000, 0x0000000706800000| Untracked 
|  37|0x0000000706a00000, 0x0000000706a00000, 0x0000000706c00000|  0%| F|  |TAMS 0x0000000706a00000, 0x0000000706a00000| Untracked 
|  38|0x0000000706c00000, 0x0000000706c00000, 0x0000000706e00000|  0%| F|  |TAMS 0x0000000706c00000, 0x0000000706c00000| Untracked 
|  39|0x0000000706e00000, 0x0000000706e00000, 0x0000000707000000|  0%| F|  |TAMS 0x0000000706e00000, 0x0000000706e00000| Untracked 
|  40|0x0000000707000000, 0x0000000707000000, 0x0000000707200000|  0%| F|  |TAMS 0x0000000707000000, 0x0000000707000000| Untracked 
|  41|0x0000000707200000, 0x0000000707200000, 0x0000000707400000|  0%| F|  |TAMS 0x0000000707200000, 0x0000000707200000| Untracked 
|  42|0x0000000707400000, 0x0000000707400000, 0x0000000707600000|  0%| F|  |TAMS 0x0000000707400000, 0x0000000707400000| Untracked 
|  43|0x0000000707600000, 0x0000000707600000, 0x0000000707800000|  0%| F|  |TAMS 0x0000000707600000, 0x0000000707600000| Untracked 
|  44|0x0000000707800000, 0x0000000707800000, 0x0000000707a00000|  0%| F|  |TAMS 0x0000000707800000, 0x0000000707800000| Untracked 
|  45|0x0000000707a00000, 0x0000000707a00000, 0x0000000707c00000|  0%| F|  |TAMS 0x0000000707a00000, 0x0000000707a00000| Untracked 
|  46|0x0000000707c00000, 0x0000000707c00000, 0x0000000707e00000|  0%| F|  |TAMS 0x0000000707c00000, 0x0000000707c00000| Untracked 
|  47|0x0000000707e00000, 0x0000000707e00000, 0x0000000708000000|  0%| F|  |TAMS 0x0000000707e00000, 0x0000000707e00000| Untracked 
|  48|0x0000000708000000, 0x0000000708000000, 0x0000000708200000|  0%| F|  |TAMS 0x0000000708000000, 0x0000000708000000| Untracked 
|  49|0x0000000708200000, 0x0000000708200000, 0x0000000708400000|  0%| F|  |TAMS 0x0000000708200000, 0x0000000708200000| Untracked 
|  50|0x0000000708400000, 0x0000000708400000, 0x0000000708600000|  0%| F|  |TAMS 0x0000000708400000, 0x0000000708400000| Untracked 
|  51|0x0000000708600000, 0x0000000708600000, 0x0000000708800000|  0%| F|  |TAMS 0x0000000708600000, 0x0000000708600000| Untracked 
|  52|0x0000000708800000, 0x0000000708800000, 0x0000000708a00000|  0%| F|  |TAMS 0x0000000708800000, 0x0000000708800000| Untracked 
|  53|0x0000000708a00000, 0x0000000708a00000, 0x0000000708c00000|  0%| F|  |TAMS 0x0000000708a00000, 0x0000000708a00000| Untracked 
|  54|0x0000000708c00000, 0x0000000708c00000, 0x0000000708e00000|  0%| F|  |TAMS 0x0000000708c00000, 0x0000000708c00000| Untracked 
|  55|0x0000000708e00000, 0x0000000708e00000, 0x0000000709000000|  0%| F|  |TAMS 0x0000000708e00000, 0x0000000708e00000| Untracked 
|  56|0x0000000709000000, 0x0000000709000000, 0x0000000709200000|  0%| F|  |TAMS 0x0000000709000000, 0x0000000709000000| Untracked 
|  57|0x0000000709200000, 0x0000000709200000, 0x0000000709400000|  0%| F|  |TAMS 0x0000000709200000, 0x0000000709200000| Untracked 
|  58|0x0000000709400000, 0x0000000709400000, 0x0000000709600000|  0%| F|  |TAMS 0x0000000709400000, 0x0000000709400000| Untracked 
|  59|0x0000000709600000, 0x0000000709600000, 0x0000000709800000|  0%| F|  |TAMS 0x0000000709600000, 0x0000000709600000| Untracked 
|  60|0x0000000709800000, 0x0000000709800000, 0x0000000709a00000|  0%| F|  |TAMS 0x0000000709800000, 0x0000000709800000| Untracked 
|  61|0x0000000709a00000, 0x0000000709a00000, 0x0000000709c00000|  0%| F|  |TAMS 0x0000000709a00000, 0x0000000709a00000| Untracked 
|  62|0x0000000709c00000, 0x0000000709c00000, 0x0000000709e00000|  0%| F|  |TAMS 0x0000000709c00000, 0x0000000709c00000| Untracked 
|  63|0x0000000709e00000, 0x0000000709e00000, 0x000000070a000000|  0%| F|  |TAMS 0x0000000709e00000, 0x0000000709e00000| Untracked 
|  64|0x000000070a000000, 0x000000070a000000, 0x000000070a200000|  0%| F|  |TAMS 0x000000070a000000, 0x000000070a000000| Untracked 
|  65|0x000000070a200000, 0x000000070a200000, 0x000000070a400000|  0%| F|  |TAMS 0x000000070a200000, 0x000000070a200000| Untracked 
|  66|0x000000070a400000, 0x000000070a400000, 0x000000070a600000|  0%| F|  |TAMS 0x000000070a400000, 0x000000070a400000| Untracked 
|  67|0x000000070a600000, 0x000000070a600000, 0x000000070a800000|  0%| F|  |TAMS 0x000000070a600000, 0x000000070a600000| Untracked 
|  68|0x000000070a800000, 0x000000070a800000, 0x000000070aa00000|  0%| F|  |TAMS 0x000000070a800000, 0x000000070a800000| Untracked 
|  69|0x000000070aa00000, 0x000000070aa00000, 0x000000070ac00000|  0%| F|  |TAMS 0x000000070aa00000, 0x000000070aa00000| Untracked 
|  70|0x000000070ac00000, 0x000000070ac00000, 0x000000070ae00000|  0%| F|  |TAMS 0x000000070ac00000, 0x000000070ac00000| Untracked 
|  71|0x000000070ae00000, 0x000000070ae00000, 0x000000070b000000|  0%| F|  |TAMS 0x000000070ae00000, 0x000000070ae00000| Untracked 
|  72|0x000000070b000000, 0x000000070b000000, 0x000000070b200000|  0%| F|  |TAMS 0x000000070b000000, 0x000000070b000000| Untracked 
|  73|0x000000070b200000, 0x000000070b200000, 0x000000070b400000|  0%| F|  |TAMS 0x000000070b200000, 0x000000070b200000| Untracked 
|  74|0x000000070b400000, 0x000000070b400000, 0x000000070b600000|  0%| F|  |TAMS 0x000000070b400000, 0x000000070b400000| Untracked 
|  75|0x000000070b600000, 0x000000070b600000, 0x000000070b800000|  0%| F|  |TAMS 0x000000070b600000, 0x000000070b600000| Untracked 
|  76|0x000000070b800000, 0x000000070b800000, 0x000000070ba00000|  0%| F|  |TAMS 0x000000070b800000, 0x000000070b800000| Untracked 
|  77|0x000000070ba00000, 0x000000070ba00000, 0x000000070bc00000|  0%| F|  |TAMS 0x000000070ba00000, 0x000000070ba00000| Untracked 
|  78|0x000000070bc00000, 0x000000070bc00000, 0x000000070be00000|  0%| F|  |TAMS 0x000000070bc00000, 0x000000070bc00000| Untracked 
|  79|0x000000070be00000, 0x000000070be00000, 0x000000070c000000|  0%| F|  |TAMS 0x000000070be00000, 0x000000070be00000| Untracked 
|  80|0x000000070c000000, 0x000000070c000000, 0x000000070c200000|  0%| F|  |TAMS 0x000000070c000000, 0x000000070c000000| Untracked 
|  81|0x000000070c200000, 0x000000070c200000, 0x000000070c400000|  0%| F|  |TAMS 0x000000070c200000, 0x000000070c200000| Untracked 
|  82|0x000000070c400000, 0x000000070c400000, 0x000000070c600000|  0%| F|  |TAMS 0x000000070c400000, 0x000000070c400000| Untracked 
|  83|0x000000070c600000, 0x000000070c600000, 0x000000070c800000|  0%| F|  |TAMS 0x000000070c600000, 0x000000070c600000| Untracked 
|  84|0x000000070c800000, 0x000000070c800000, 0x000000070ca00000|  0%| F|  |TAMS 0x000000070c800000, 0x000000070c800000| Untracked 
|  85|0x000000070ca00000, 0x000000070ca00000, 0x000000070cc00000|  0%| F|  |TAMS 0x000000070ca00000, 0x000000070ca00000| Untracked 
|  86|0x000000070cc00000, 0x000000070cc00000, 0x000000070ce00000|  0%| F|  |TAMS 0x000000070cc00000, 0x000000070cc00000| Untracked 
|  87|0x000000070ce00000, 0x000000070ce00000, 0x000000070d000000|  0%| F|  |TAMS 0x000000070ce00000, 0x000000070ce00000| Untracked 
|  88|0x000000070d000000, 0x000000070d000000, 0x000000070d200000|  0%| F|  |TAMS 0x000000070d000000, 0x000000070d000000| Untracked 
|  89|0x000000070d200000, 0x000000070d200000, 0x000000070d400000|  0%| F|  |TAMS 0x000000070d200000, 0x000000070d200000| Untracked 
|  90|0x000000070d400000, 0x000000070d400000, 0x000000070d600000|  0%| F|  |TAMS 0x000000070d400000, 0x000000070d400000| Untracked 
|  91|0x000000070d600000, 0x000000070d600000, 0x000000070d800000|  0%| F|  |TAMS 0x000000070d600000, 0x000000070d600000| Untracked 
|  92|0x000000070d800000, 0x000000070d800000, 0x000000070da00000|  0%| F|  |TAMS 0x000000070d800000, 0x000000070d800000| Untracked 
|  93|0x000000070da00000, 0x000000070da00000, 0x000000070dc00000|  0%| F|  |TAMS 0x000000070da00000, 0x000000070da00000| Untracked 
|  94|0x000000070dc00000, 0x000000070dc00000, 0x000000070de00000|  0%| F|  |TAMS 0x000000070dc00000, 0x000000070dc00000| Untracked 
|  95|0x000000070de00000, 0x000000070de00000, 0x000000070e000000|  0%| F|  |TAMS 0x000000070de00000, 0x000000070de00000| Untracked 
|  96|0x000000070e000000, 0x000000070e000000, 0x000000070e200000|  0%| F|  |TAMS 0x000000070e000000, 0x000000070e000000| Untracked 
|  97|0x000000070e200000, 0x000000070e200000, 0x000000070e400000|  0%| F|  |TAMS 0x000000070e200000, 0x000000070e200000| Untracked 
|  98|0x000000070e400000, 0x000000070e400000, 0x000000070e600000|  0%| F|  |TAMS 0x000000070e400000, 0x000000070e400000| Untracked 
|  99|0x000000070e600000, 0x000000070e600000, 0x000000070e800000|  0%| F|  |TAMS 0x000000070e600000, 0x000000070e600000| Untracked 
| 100|0x000000070e800000, 0x000000070e800000, 0x000000070ea00000|  0%| F|  |TAMS 0x000000070e800000, 0x000000070e800000| Untracked 
| 101|0x000000070ea00000, 0x000000070ea00000, 0x000000070ec00000|  0%| F|  |TAMS 0x000000070ea00000, 0x000000070ea00000| Untracked 
| 102|0x000000070ec00000, 0x000000070ec00000, 0x000000070ee00000|  0%| F|  |TAMS 0x000000070ec00000, 0x000000070ec00000| Untracked 
| 103|0x000000070ee00000, 0x000000070ee00000, 0x000000070f000000|  0%| F|  |TAMS 0x000000070ee00000, 0x000000070ee00000| Untracked 
| 104|0x000000070f000000, 0x000000070f000000, 0x000000070f200000|  0%| F|  |TAMS 0x000000070f000000, 0x000000070f000000| Untracked 
| 105|0x000000070f200000, 0x000000070f200000, 0x000000070f400000|  0%| F|  |TAMS 0x000000070f200000, 0x000000070f200000| Untracked 
| 106|0x000000070f400000, 0x000000070f400000, 0x000000070f600000|  0%| F|  |TAMS 0x000000070f400000, 0x000000070f400000| Untracked 
| 107|0x000000070f600000, 0x000000070f600000, 0x000000070f800000|  0%| F|  |TAMS 0x000000070f600000, 0x000000070f600000| Untracked 
| 108|0x000000070f800000, 0x000000070f800000, 0x000000070fa00000|  0%| F|  |TAMS 0x000000070f800000, 0x000000070f800000| Untracked 
| 109|0x000000070fa00000, 0x000000070fa00000, 0x000000070fc00000|  0%| F|  |TAMS 0x000000070fa00000, 0x000000070fa00000| Untracked 
| 110|0x000000070fc00000, 0x000000070fc00000, 0x000000070fe00000|  0%| F|  |TAMS 0x000000070fc00000, 0x000000070fc00000| Untracked 
| 111|0x000000070fe00000, 0x000000070fe00000, 0x0000000710000000|  0%| F|  |TAMS 0x000000070fe00000, 0x000000070fe00000| Untracked 
| 112|0x0000000710000000, 0x0000000710000000, 0x0000000710200000|  0%| F|  |TAMS 0x0000000710000000, 0x0000000710000000| Untracked 
| 113|0x0000000710200000, 0x0000000710200000, 0x0000000710400000|  0%| F|  |TAMS 0x0000000710200000, 0x0000000710200000| Untracked 
| 114|0x0000000710400000, 0x0000000710600000, 0x0000000710600000|100%| S|CS|TAMS 0x0000000710400000, 0x0000000710400000| Complete 
| 115|0x0000000710600000, 0x0000000710800000, 0x0000000710800000|100%| S|CS|TAMS 0x0000000710600000, 0x0000000710600000| Complete 
| 116|0x0000000710800000, 0x0000000710800000, 0x0000000710a00000|  0%| F|  |TAMS 0x0000000710800000, 0x0000000710800000| Untracked 
| 117|0x0000000710a00000, 0x0000000710a00000, 0x0000000710c00000|  0%| F|  |TAMS 0x0000000710a00000, 0x0000000710a00000| Untracked 
| 118|0x0000000710c00000, 0x0000000710c00000, 0x0000000710e00000|  0%| F|  |TAMS 0x0000000710c00000, 0x0000000710c00000| Untracked 
| 119|0x0000000710e00000, 0x0000000710e00000, 0x0000000711000000|  0%| F|  |TAMS 0x0000000710e00000, 0x0000000710e00000| Untracked 
| 120|0x0000000711000000, 0x0000000711000000, 0x0000000711200000|  0%| F|  |TAMS 0x0000000711000000, 0x0000000711000000| Untracked 
| 121|0x0000000711200000, 0x0000000711200000, 0x0000000711400000|  0%| F|  |TAMS 0x0000000711200000, 0x0000000711200000| Untracked 
| 122|0x0000000711400000, 0x0000000711400000, 0x0000000711600000|  0%| F|  |TAMS 0x0000000711400000, 0x0000000711400000| Untracked 
| 123|0x0000000711600000, 0x0000000711600000, 0x0000000711800000|  0%| F|  |TAMS 0x0000000711600000, 0x0000000711600000| Untracked 
| 124|0x0000000711800000, 0x00000007118ddcc0, 0x0000000711a00000| 43%| E|  |TAMS 0x0000000711800000, 0x0000000711800000| Complete 
| 125|0x0000000711a00000, 0x0000000711c00000, 0x0000000711c00000|100%| E|CS|TAMS 0x0000000711a00000, 0x0000000711a00000| Complete 
| 126|0x0000000711c00000, 0x0000000711e00000, 0x0000000711e00000|100%| E|CS|TAMS 0x0000000711c00000, 0x0000000711c00000| Complete 

Card table byte_map: [0x0000023c51f60000,0x0000023c52750000] _byte_map_base: 0x0000023c4e750000

Marking Bits (Prev, Next): (CMBitMap*) 0x0000023c3ca6e7f0, (CMBitMap*) 0x0000023c3ca6e830
 Prev Bits: [0x0000023c52f40000, 0x0000023c56ec0000)
 Next Bits: [0x0000023c56ec0000, 0x0000023c5ae40000)

Polling page: 0x0000023c3cbd0000

Metaspace:

Usage:
  Non-class:     12.78 MB used.
      Class:      1.44 MB used.
       Both:     14.22 MB used.

Virtual space:
  Non-class space:       64.00 MB reserved,      12.81 MB ( 20%) committed,  1 nodes.
      Class space:        1.00 GB reserved,       1.50 MB ( <1%) committed,  1 nodes.
             Both:        1.06 GB reserved,      14.31 MB (  1%) committed. 

Chunk freelists:
   Non-Class:  2.69 MB
       Class:  14.47 MB
        Both:  17.16 MB

MaxMetaspaceSize: unlimited
CompressedClassSpaceSize: 1.00 GB
Initial GC threshold: 21.00 MB
Current GC threshold: 21.00 MB
CDS: off
MetaspaceReclaimPolicy: balanced
 - commit_granule_bytes: 65536.
 - commit_granule_words: 8192.
 - virtual_space_node_default_size: 8388608.
 - enlarge_chunks_in_place: 1.
 - new_chunks_are_fully_committed: 0.
 - uncommit_free_chunks: 1.
 - use_allocation_guard: 0.
 - handle_deallocations: 1.


Internal statistics:

num_allocs_failed_limit: 0.
num_arena_births: 100.
num_arena_deaths: 0.
num_vsnodes_births: 2.
num_vsnodes_deaths: 0.
num_space_committed: 229.
num_space_uncommitted: 0.
num_chunks_returned_to_freelist: 0.
num_chunks_taken_from_freelist: 278.
num_chunk_merges: 0.
num_chunk_splits: 158.
num_chunks_enlarged: 112.
num_inconsistent_stats: 0.

CodeHeap 'non-profiled nmethods': size=120000Kb used=425Kb max_used=425Kb free=119574Kb
 bounds [0x0000023c49f10000, 0x0000023c4a180000, 0x0000023c51440000]
CodeHeap 'profiled nmethods': size=120000Kb used=2047Kb max_used=2047Kb free=117952Kb
 bounds [0x0000023c42440000, 0x0000023c426b0000, 0x0000023c49970000]
CodeHeap 'non-nmethods': size=5760Kb used=1147Kb max_used=1185Kb free=4612Kb
 bounds [0x0000023c49970000, 0x0000023c49be0000, 0x0000023c49f10000]
 total_blobs=1559 nmethods=1124 adapters=348
 compilation: enabled
              stopped_count=0, restarted_count=0
 full_count=0

Compilation events (20 events):
Event: 1.011 Thread 0x0000023c5da88b70 1100       3       java.util.ArrayList::<init> (61 bytes)
Event: 1.012 Thread 0x0000023c5da88b70 nmethod 1100 0x0000023c42637f90 code [0x0000023c42638200, 0x0000023c42638b98]
Event: 1.012 Thread 0x0000023c5da88b70 1101       3       sun.reflect.generics.parser.SignatureParser::skipIdentifier (67 bytes)
Event: 1.012 Thread 0x0000023c5da88b70 nmethod 1101 0x0000023c42638e90 code [0x0000023c426390a0, 0x0000023c42639648]
Event: 1.012 Thread 0x0000023c5da88b70 1102       1       java.util.concurrent.locks.AbstractOwnableSynchronizer::setExclusiveOwnerThread (6 bytes)
Event: 1.012 Thread 0x0000023c5da88b70 nmethod 1102 0x0000023c49f78290 code [0x0000023c49f78420, 0x0000023c49f78538]
Event: 1.015 Thread 0x0000023c5da88b70 1103       1       org.springframework.core.ResolvableType::resolve (5 bytes)
Event: 1.015 Thread 0x0000023c5da88b70 nmethod 1103 0x0000023c49f78590 code [0x0000023c49f78720, 0x0000023c49f787f8]
Event: 1.016 Thread 0x0000023c5da88b70 1104       3       java.util.Arrays::hashCode (56 bytes)
Event: 1.017 Thread 0x0000023c5da88b70 nmethod 1104 0x0000023c42639810 code [0x0000023c426399c0, 0x0000023c42639d28]
Event: 1.018 Thread 0x0000023c5dd4a470 1105       4       sun.reflect.generics.parser.SignatureParser::current (59 bytes)
Event: 1.018 Thread 0x0000023c5da88b70 1106       1       sun.reflect.generics.visitor.Reifier::getFactory (5 bytes)
Event: 1.018 Thread 0x0000023c5da88b70 nmethod 1106 0x0000023c49f78890 code [0x0000023c49f78a20, 0x0000023c49f78af8]
Event: 1.020 Thread 0x0000023c5dd4a470 nmethod 1105 0x0000023c49f78b90 code [0x0000023c49f78d20, 0x0000023c49f78e28]
Event: 1.020 Thread 0x0000023c5da88b70 1107       3       org.springframework.util.ConcurrentReferenceHashMap::getHash (64 bytes)
Event: 1.020 Thread 0x0000023c5da88b70 nmethod 1107 0x0000023c42639e90 code [0x0000023c4263a040, 0x0000023c4263a2a8]
Event: 1.020 Thread 0x0000023c5da88b70 1109       3       java.lang.Class::cast (27 bytes)
Event: 1.021 Thread 0x0000023c5da88b70 nmethod 1109 0x0000023c4263a390 code [0x0000023c4263a540, 0x0000023c4263a7f8]
Event: 1.021 Thread 0x0000023c5da88b70 1108       3       org.springframework.util.ConcurrentReferenceHashMap::getSegmentForHash (23 bytes)
Event: 1.021 Thread 0x0000023c5da88b70 nmethod 1108 0x0000023c4263a910 code [0x0000023c4263aaa0, 0x0000023c4263abf8]

GC Heap History (2 events):
Event: 0.888 GC heap before
{Heap before GC invocations=0 (full 0):
 garbage-first heap   total 260096K, used 20480K [0x0000000702000000, 0x0000000800000000)
  region size 2048K, 11 young (22528K), 0 survivors (0K)
 Metaspace       used 12858K, committed 13056K, reserved 1114112K
  class space    used 1269K, committed 1344K, reserved 1048576K
}
Event: 0.892 GC heap after
{Heap after GC invocations=1 (full 0):
 garbage-first heap   total 260096K, used 7057K [0x0000000702000000, 0x0000000800000000)
  region size 2048K, 2 young (4096K), 2 survivors (4096K)
 Metaspace       used 12858K, committed 13056K, reserved 1114112K
  class space    used 1269K, committed 1344K, reserved 1048576K
}

Dll operation events (3 events):
Event: 0.009 Loaded shared library C:\Users\Camila\.jdks\jbr-17.0.8.1\bin\java.dll
Event: 0.042 Loaded shared library C:\Users\Camila\.jdks\jbr-17.0.8.1\bin\jsvml.dll
Event: 0.206 Loaded shared library C:\Users\Camila\.jdks\jbr-17.0.8.1\bin\zip.dll

Deoptimization events (20 events):
Event: 0.940 Thread 0x0000023c62d3e180 Uncommon trap: trap_request=0xffffffde fr.pc=0x0000023c49f6f828 relative=0x0000000000001688
Event: 0.940 Thread 0x0000023c62d3e180 Uncommon trap: reason=class_check action=maybe_recompile pc=0x0000023c49f6f828 method=java.util.HashMap.putVal(ILjava/lang/Object;Ljava/lang/Object;ZZ)Ljava/lang/Object; @ 253 c2
Event: 0.940 Thread 0x0000023c62d3e180 DEOPT PACKING pc=0x0000023c49f6f828 sp=0x000000955fffce10
Event: 0.940 Thread 0x0000023c62d3e180 DEOPT UNPACKING pc=0x0000023c499c69a3 sp=0x000000955fffcd68 mode 2
Event: 0.991 Thread 0x0000023c62d3e180 Uncommon trap: trap_request=0xffffffc6 fr.pc=0x0000023c49f6f658 relative=0x00000000000014b8
Event: 0.991 Thread 0x0000023c62d3e180 Uncommon trap: reason=bimorphic_or_optimized_type_check action=maybe_recompile pc=0x0000023c49f6f658 method=java.util.HashMap.putVal(ILjava/lang/Object;Ljava/lang/Object;ZZ)Ljava/lang/Object; @ 56 c2
Event: 0.991 Thread 0x0000023c62d3e180 DEOPT PACKING pc=0x0000023c49f6f658 sp=0x000000955fffd3c0
Event: 0.991 Thread 0x0000023c62d3e180 DEOPT UNPACKING pc=0x0000023c499c69a3 sp=0x000000955fffd2f0 mode 2
Event: 0.991 Thread 0x0000023c62d3e180 Uncommon trap: trap_request=0xffffffc6 fr.pc=0x0000023c49f6f658 relative=0x00000000000014b8
Event: 0.991 Thread 0x0000023c62d3e180 Uncommon trap: reason=bimorphic_or_optimized_type_check action=maybe_recompile pc=0x0000023c49f6f658 method=java.util.HashMap.putVal(ILjava/lang/Object;Ljava/lang/Object;ZZ)Ljava/lang/Object; @ 56 c2
Event: 0.991 Thread 0x0000023c62d3e180 DEOPT PACKING pc=0x0000023c49f6f658 sp=0x000000955fffd3c0
Event: 0.991 Thread 0x0000023c62d3e180 DEOPT UNPACKING pc=0x0000023c499c69a3 sp=0x000000955fffd2f0 mode 2
Event: 0.991 Thread 0x0000023c62d3e180 Uncommon trap: trap_request=0xffffffc6 fr.pc=0x0000023c49f6f658 relative=0x00000000000014b8
Event: 0.991 Thread 0x0000023c62d3e180 Uncommon trap: reason=bimorphic_or_optimized_type_check action=maybe_recompile pc=0x0000023c49f6f658 method=java.util.HashMap.putVal(ILjava/lang/Object;Ljava/lang/Object;ZZ)Ljava/lang/Object; @ 56 c2
Event: 0.991 Thread 0x0000023c62d3e180 DEOPT PACKING pc=0x0000023c49f6f658 sp=0x000000955fffd3c0
Event: 0.991 Thread 0x0000023c62d3e180 DEOPT UNPACKING pc=0x0000023c499c69a3 sp=0x000000955fffd2f0 mode 2
Event: 0.991 Thread 0x0000023c62d3e180 Uncommon trap: trap_request=0xffffffc6 fr.pc=0x0000023c49f6f658 relative=0x00000000000014b8
Event: 0.991 Thread 0x0000023c62d3e180 Uncommon trap: reason=bimorphic_or_optimized_type_check action=maybe_recompile pc=0x0000023c49f6f658 method=java.util.HashMap.putVal(ILjava/lang/Object;Ljava/lang/Object;ZZ)Ljava/lang/Object; @ 56 c2
Event: 0.991 Thread 0x0000023c62d3e180 DEOPT PACKING pc=0x0000023c49f6f658 sp=0x000000955fffd3c0
Event: 0.991 Thread 0x0000023c62d3e180 DEOPT UNPACKING pc=0x0000023c499c69a3 sp=0x000000955fffd2f0 mode 2

Classes unloaded (0 events):
No events

Classes redefined (0 events):
No events

Internal exceptions (19 events):
Event: 0.355 Thread 0x0000023c62144fa0 Exception <a 'java/lang/NoSuchMethodError'{0x00000007114046a0}: 'java.lang.Object java.lang.invoke.DirectMethodHandle$Holder.invokeStaticInit(java.lang.Object)'> (0x00000007114046a0) 
thrown [s\src\hotspot\share\interpreter\linkResolver.cpp, line 771]
Event: 0.366 Thread 0x0000023c62144fa0 Exception <a 'java/lang/NoSuchMethodError'{0x0000000711411c90}: 'void java.lang.invoke.DirectMethodHandle$Holder.invokeStatic(java.lang.Object, java.lang.Object)'> (0x0000000711411c90) 
thrown [s\src\hotspot\share\interpreter\linkResolver.cpp, line 771]
Event: 0.479 Thread 0x0000023c3ec7d090 Exception <a 'java/lang/ClassNotFoundException'{0x00000007112626b8}: javax/smartcardio/CardPermission> (0x00000007112626b8) 
thrown [s\src\hotspot\share\classfile\systemDictionary.cpp, line 256]
Event: 0.482 Thread 0x0000023c3ec7d090 Exception <a 'java/io/FileNotFoundException'{0x00000007112708c0}> (0x00000007112708c0) 
thrown [s\src\hotspot\share\prims\jni.cpp, line 517]
Event: 0.506 Thread 0x0000023c3ec7d090 Exception <a 'java/lang/NoSuchMethodError'{0x00000007112de650}: 'java.lang.Object java.lang.invoke.DirectMethodHandle$Holder.invokeSpecial(java.lang.Object, java.lang.Object, java.lang.Object, long, java.lang.Object)'> (0x00000007112de650) 
thrown [s\src\hotspot\share\interpreter\linkResolver.cpp, line 771]
Event: 0.506 Thread 0x0000023c3ec7d090 Exception <a 'java/lang/NoSuchMethodError'{0x00000007112e26a0}: 'java.lang.Object java.lang.invoke.Invokers$Holder.linkToTargetMethod(java.lang.Object, long, java.lang.Object, java.lang.Object)'> (0x00000007112e26a0) 
thrown [s\src\hotspot\share\interpreter\linkResolver.cpp, line 771]
Event: 0.606 Thread 0x0000023c3ec7d090 Exception <a 'java/lang/NoSuchMethodError'{0x00000007111185a0}: 'void java.lang.invoke.DirectMethodHandle$Holder.invokeStatic(java.lang.Object, java.lang.Object, java.lang.Object, java.lang.Object)'> (0x00000007111185a0) 
thrown [s\src\hotspot\share\interpreter\linkResolver.cpp, line 771]
Event: 0.666 Thread 0x0000023c3ec7d090 Exception <a 'java/lang/NoSuchMethodError'{0x0000000710e7bb50}: 'int java.lang.invoke.DirectMethodHandle$Holder.invokeStaticInit(java.lang.Object, java.lang.Object)'> (0x0000000710e7bb50) 
thrown [s\src\hotspot\share\interpreter\linkResolver.cpp, line 771]
Event: 0.756 Thread 0x0000023c3ec7d090 Exception <a 'java/lang/NoSuchMethodError'{0x0000000710cb5f90}: 'java.lang.Object java.lang.invoke.DirectMethodHandle$Holder.invokeInterface(java.lang.Object, java.lang.Object)'> (0x0000000710cb5f90) 
thrown [s\src\hotspot\share\interpreter\linkResolver.cpp, line 771]
Event: 0.762 Thread 0x0000023c3ec7d090 Exception <a 'java/lang/NoSuchMethodError'{0x0000000710ceaa08}: 'void java.lang.invoke.DirectMethodHandle$Holder.invokeStatic(java.lang.Object, java.lang.Object, java.lang.Object)'> (0x0000000710ceaa08) 
thrown [s\src\hotspot\share\interpreter\linkResolver.cpp, line 771]
Event: 0.765 Thread 0x0000023c3ec7d090 Exception <a 'java/lang/NoSuchMethodError'{0x0000000710d014f0}: 'java.lang.Object java.lang.invoke.DirectMethodHandle$Holder.invokeSpecialIFC(java.lang.Object, java.lang.Object, java.lang.Object, java.lang.Object)'> (0x0000000710d014f0) 
thrown [s\src\hotspot\share\interpreter\linkResolver.cpp, line 771]
Event: 0.769 Thread 0x0000023c3ec7d090 Exception <a 'java/lang/NoSuchMethodError'{0x0000000710d22ab8}: 'java.lang.Object java.lang.invoke.DirectMethodHandle$Holder.invokeInterface(java.lang.Object, java.lang.Object, java.lang.Object)'> (0x0000000710d22ab8) 
thrown [s\src\hotspot\share\interpreter\linkResolver.cpp, line 771]
Event: 0.816 Thread 0x0000023c3ec7d090 Exception <a 'java/lang/NoSuchMethodError'{0x0000000710a55788}: 'int java.lang.invoke.DirectMethodHandle$Holder.invokeSpecial(java.lang.Object, java.lang.Object, java.lang.Object)'> (0x0000000710a55788) 
thrown [s\src\hotspot\share\interpreter\linkResolver.cpp, line 771]
Event: 0.922 Thread 0x0000023c62d3e180 Exception <a 'java/lang/NoSuchMethodError'{0x0000000711ce43a0}: 'int java.lang.invoke.DirectMethodHandle$Holder.invokeStaticInit(java.lang.Object, java.lang.Object, java.lang.Object)'> (0x0000000711ce43a0) 
thrown [s\src\hotspot\share\interpreter\linkResolver.cpp, line 771]
Event: 0.926 Thread 0x0000023c62d3e180 Exception <a 'java/lang/NoSuchMethodError'{0x0000000711d0fd10}: 'java.lang.Object java.lang.invoke.DirectMethodHandle$Holder.invokeVirtual(java.lang.Object, java.lang.Object, java.lang.Object)'> (0x0000000711d0fd10) 
thrown [s\src\hotspot\share\interpreter\linkResolver.cpp, line 771]
Event: 0.932 Thread 0x0000023c62d3e180 Exception <a 'java/lang/NoSuchMethodError'{0x0000000711d43f40}: 'java.lang.Object java.lang.invoke.DirectMethodHandle$Holder.newInvokeSpecial(java.lang.Object, java.lang.Object, java.lang.Object, java.lang.Object, java.lang.Object)'> (0x0000000711d43f40) 
thrown [s\src\hotspot\share\interpreter\linkResolver.cpp, line 771]
Event: 0.939 Thread 0x0000023c62d3e180 Exception <a 'java/lang/NoSuchMethodError'{0x0000000711ddc2d8}: 'java.lang.Object java.lang.invoke.DirectMethodHandle$Holder.invokeStaticInit(java.lang.Object, java.lang.Object, java.lang.Object)'> (0x0000000711ddc2d8) 
thrown [s\src\hotspot\share\interpreter\linkResolver.cpp, line 771]
Event: 0.970 Thread 0x0000023c62d3e180 Exception <a 'java/lang/IncompatibleClassChangeError'{0x0000000711a6c990}: Found class java.lang.Object, but interface was expected> (0x0000000711a6c990) 
thrown [s\src\hotspot\share\interpreter\linkResolver.cpp, line 838]
Event: 0.989 Thread 0x0000023c62d3e180 Exception <a 'sun/nio/fs/WindowsException'{0x0000000711af3fd0}> (0x0000000711af3fd0) 
thrown [s\src\hotspot\share\prims\jni.cpp, line 517]

VM Operations (12 events):
Event: 0.192 Executing VM operation: HandshakeAllThreads
Event: 0.192 Executing VM operation: HandshakeAllThreads done
Event: 0.353 Executing VM operation: HandshakeAllThreads
Event: 0.353 Executing VM operation: HandshakeAllThreads done
Event: 0.402 Executing VM operation: HandshakeAllThreads
Event: 0.402 Executing VM operation: HandshakeAllThreads done
Event: 0.420 Executing VM operation: HandshakeAllThreads
Event: 0.420 Executing VM operation: HandshakeAllThreads done
Event: 0.888 Executing VM operation: G1CollectForAllocation
Event: 0.892 Executing VM operation: G1CollectForAllocation done
Event: 0.991 Executing VM operation: HandshakeAllThreads
Event: 0.991 Executing VM operation: HandshakeAllThreads done

Events (20 events):
Event: 0.991 loading class java/lang/ProcessEnvironment$EntryComparator
Event: 0.991 loading class java/lang/ProcessEnvironment$EntryComparator done
Event: 0.991 loading class java/lang/ProcessEnvironment$CheckedEntrySet
Event: 0.991 loading class java/lang/ProcessEnvironment$CheckedEntrySet done
Event: 0.991 loading class java/lang/ProcessEnvironment$CheckedEntrySet$1
Event: 0.991 loading class java/lang/ProcessEnvironment$CheckedEntrySet$1 done
Event: 0.991 loading class java/lang/ProcessEnvironment$CheckedEntry
Event: 0.992 loading class java/lang/ProcessEnvironment$CheckedEntry done
Event: 1.002 loading class java/util/concurrent/CopyOnWriteArraySet
Event: 1.002 loading class java/util/concurrent/CopyOnWriteArraySet done
Event: 1.007 loading class java/util/concurrent/ConcurrentLinkedDeque
Event: 1.008 loading class java/util/concurrent/ConcurrentLinkedDeque done
Event: 1.008 loading class java/util/concurrent/ConcurrentLinkedDeque$Node
Event: 1.008 loading class java/util/concurrent/ConcurrentLinkedDeque$Node done
Event: 1.016 loading class sun/reflect/generics/tree/BottomSignature
Event: 1.016 loading class sun/reflect/generics/tree/BottomSignature done
Event: 1.016 loading class sun/reflect/generics/tree/Wildcard
Event: 1.016 loading class sun/reflect/generics/tree/Wildcard done
Event: 1.016 loading class sun/reflect/generics/reflectiveObjects/WildcardTypeImpl
Event: 1.016 loading class sun/reflect/generics/reflectiveObjects/WildcardTypeImpl done


Dynamic libraries:
0x00007ff7b8cb0000 - 0x00007ff7b8cba000 	C:\Users\Camila\.jdks\jbr-17.0.8.1\bin\java.exe
0x00007ffab84d0000 - 0x00007ffab86c8000 	C:\WINDOWS\SYSTEM32\ntdll.dll
0x00007ffab7ec0000 - 0x00007ffab7f7d000 	C:\WINDOWS\System32\KERNEL32.DLL
0x00007ffab6030000 - 0x00007ffab6326000 	C:\WINDOWS\System32\KERNELBASE.dll
0x00007ffab5e80000 - 0x00007ffab5f80000 	C:\WINDOWS\System32\ucrtbase.dll
0x00007ffaa9f40000 - 0x00007ffaa9f57000 	C:\Users\Camila\.jdks\jbr-17.0.8.1\bin\jli.dll
0x00007ffaa9f20000 - 0x00007ffaa9f3b000 	C:\Users\Camila\.jdks\jbr-17.0.8.1\bin\VCRUNTIME140.dll
0x00007ffab6910000 - 0x00007ffab6aae000 	C:\WINDOWS\System32\USER32.dll
0x00007ffaa0240000 - 0x00007ffaa04da000 	C:\WINDOWS\WinSxS\amd64_microsoft.windows.common-controls_6595b64144ccf1df_6.0.19041.1110_none_60b5254171f9507e\COMCTL32.dll
0x00007ffab6500000 - 0x00007ffab6522000 	C:\WINDOWS\System32\win32u.dll
0x00007ffab7ff0000 - 0x00007ffab808e000 	C:\WINDOWS\System32\msvcrt.dll
0x00007ffab6d80000 - 0x00007ffab6dac000 	C:\WINDOWS\System32\GDI32.dll
0x00007ffab5d10000 - 0x00007ffab5e2a000 	C:\WINDOWS\System32\gdi32full.dll
0x00007ffab6360000 - 0x00007ffab63fd000 	C:\WINDOWS\System32\msvcp_win.dll
0x00007ffab83f0000 - 0x00007ffab8420000 	C:\WINDOWS\System32\IMM32.DLL
0x00007ffaaa3f0000 - 0x00007ffaaa3fc000 	C:\Users\Camila\.jdks\jbr-17.0.8.1\bin\vcruntime140_1.dll
0x00007ffa93c70000 - 0x00007ffa93cfd000 	C:\Users\Camila\.jdks\jbr-17.0.8.1\bin\msvcp140.dll
0x00007ffa6e270000 - 0x00007ffa6eef3000 	C:\Users\Camila\.jdks\jbr-17.0.8.1\bin\server\jvm.dll
0x00007ffab6ee0000 - 0x00007ffab6f8e000 	C:\WINDOWS\System32\ADVAPI32.dll
0x00007ffab7000000 - 0x00007ffab709c000 	C:\WINDOWS\System32\sechost.dll
0x00007ffab6db0000 - 0x00007ffab6ed6000 	C:\WINDOWS\System32\RPCRT4.dll
0x00007ffab5160000 - 0x00007ffab51ab000 	C:\WINDOWS\SYSTEM32\POWRPROF.dll
0x00007ffa99a60000 - 0x00007ffa99a69000 	C:\WINDOWS\SYSTEM32\WSOCK32.dll
0x00007ffaa75a0000 - 0x00007ffaa75c7000 	C:\WINDOWS\SYSTEM32\WINMM.dll
0x00007ffaabe80000 - 0x00007ffaabe8a000 	C:\WINDOWS\SYSTEM32\VERSION.dll
0x00007ffab7f80000 - 0x00007ffab7feb000 	C:\WINDOWS\System32\WS2_32.dll
0x00007ffab4fd0000 - 0x00007ffab4fe2000 	C:\WINDOWS\SYSTEM32\UMPDC.dll
0x00007ffab43d0000 - 0x00007ffab43e2000 	C:\WINDOWS\SYSTEM32\kernel.appcore.dll
0x00007ffaaa240000 - 0x00007ffaaa24a000 	C:\Users\Camila\.jdks\jbr-17.0.8.1\bin\jimage.dll
0x00007ffab37e0000 - 0x00007ffab39c4000 	C:\WINDOWS\SYSTEM32\DBGHELP.DLL
0x00007ffa962e0000 - 0x00007ffa96314000 	C:\WINDOWS\SYSTEM32\dbgcore.DLL
0x00007ffab6470000 - 0x00007ffab64f2000 	C:\WINDOWS\System32\bcryptPrimitives.dll
0x00007ffaaa290000 - 0x00007ffaaa29e000 	C:\Users\Camila\.jdks\jbr-17.0.8.1\bin\instrument.dll
0x00007ffaa79a0000 - 0x00007ffaa79c5000 	C:\Users\Camila\.jdks\jbr-17.0.8.1\bin\java.dll
0x00007ffaa9f00000 - 0x00007ffaa9f18000 	C:\Users\Camila\.jdks\jbr-17.0.8.1\bin\zip.dll
0x00007ffa80c10000 - 0x00007ffa80ce7000 	C:\Users\Camila\.jdks\jbr-17.0.8.1\bin\jsvml.dll
0x00007ffab7770000 - 0x00007ffab7eb5000 	C:\WINDOWS\System32\SHELL32.dll
0x00007ffab3c20000 - 0x00007ffab43bb000 	C:\WINDOWS\SYSTEM32\windows.storage.dll
0x00007ffab8090000 - 0x00007ffab83e4000 	C:\WINDOWS\System32\combase.dll
0x00007ffab55f0000 - 0x00007ffab561e000 	C:\WINDOWS\SYSTEM32\Wldp.dll
0x00007ffab70a0000 - 0x00007ffab714d000 	C:\WINDOWS\System32\SHCORE.dll
0x00007ffab66e0000 - 0x00007ffab6735000 	C:\WINDOWS\System32\shlwapi.dll
0x00007ffab5ae0000 - 0x00007ffab5b05000 	C:\WINDOWS\SYSTEM32\profapi.dll
0x00007ffaa9ea0000 - 0x00007ffaa9eb9000 	C:\Users\Camila\.jdks\jbr-17.0.8.1\bin\net.dll
0x00007ffaa5db0000 - 0x00007ffaa5eba000 	C:\WINDOWS\SYSTEM32\WINHTTP.dll
0x00007ffab5350000 - 0x00007ffab53ba000 	C:\WINDOWS\system32\mswsock.dll
0x00007ffa9a770000 - 0x00007ffa9a786000 	C:\Users\Camila\.jdks\jbr-17.0.8.1\bin\nio.dll
0x00007ffa96bc0000 - 0x00007ffa96bda000 	C:\Program Files\JetBrains\IntelliJ IDEA Community Edition 2023.2.2\bin\breakgen64.dll
0x00007ffaaa210000 - 0x00007ffaaa219000 	C:\Users\Camila\.jdks\jbr-17.0.8.1\bin\management.dll
0x00007ffaa78a0000 - 0x00007ffaa78ab000 	C:\Users\Camila\.jdks\jbr-17.0.8.1\bin\management_ext.dll
0x00007ffab6b10000 - 0x00007ffab6b18000 	C:\WINDOWS\System32\PSAPI.DLL

dbghelp: loaded successfully - version: 4.0.5 - missing functions: none
symbol engine: initialized successfully - sym options: 0x614 - pdb path: .;C:\Users\Camila\.jdks\jbr-17.0.8.1\bin;C:\WINDOWS\SYSTEM32;C:\WINDOWS\WinSxS\amd64_microsoft.windows.common-controls_6595b64144ccf1df_6.0.19041.1110_none_60b5254171f9507e;C:\Users\Camila\.jdks\jbr-17.0.8.1\bin\server;C:\Program Files\JetBrains\IntelliJ IDEA Community Edition 2023.2.2\bin

VM Arguments:
jvm_args: -javaagent:C:\Program Files\JetBrains\IntelliJ IDEA Community Edition 2023.2.2\lib\idea_rt.jar=51693:C:\Program Files\JetBrains\IntelliJ IDEA Community Edition 2023.2.2\bin -Dfile.encoding=UTF-8 
java_command: med.voll.api.ApiApplication
java_class_path (initial): C:\Users\Camila\OneDrive\GitHub\java\ALURA\JAVA_SPRING_BOOT3\api\target\test-classes;C:\Users\Camila\OneDrive\GitHub\java\ALURA\JAVA_SPRING_BOOT3\api\target\classes;C:\Users\Camila\.m2\repository\org\springframework\boot\spring-boot-starter-web\3.0.11\spring-boot-starter-web-3.0.11.jar;C:\Users\Camila\.m2\repository\org\springframework\boot\spring-boot-starter\3.0.11\spring-boot-starter-3.0.11.jar;C:\Users\Camila\.m2\repository\org\springframework\boot\spring-boot-starter-logging\3.0.11\spring-boot-starter-logging-3.0.11.jar;C:\Users\Camila\.m2\repository\ch\qos\logback\logback-classic\1.4.11\logback-classic-1.4.11.jar;C:\Users\Camila\.m2\repository\ch\qos\logback\logback-core\1.4.11\logback-core-1.4.11.jar;C:\Users\Camila\.m2\repository\org\apache\logging\log4j\log4j-to-slf4j\2.19.0\log4j-to-slf4j-2.19.0.jar;C:\Users\Camila\.m2\repository\org\apache\logging\log4j\log4j-api\2.19.0\log4j-api-2.19.0.jar;C:\Users\Camila\.m2\repository\org\slf4j\jul-to-slf4j\2.0.9\jul-to-slf4j-2.0.9.jar;C:\Users\Camila\.m2\repository\jakarta\annotation\jakarta.annotation-api\2.1.1\jakarta.annotation-api-2.1.1.jar;C:\Users\Camila\.m2\repository\org\yaml\snakeyaml\1.33\snakeyaml-1.33.jar;C:\Users\Camila\.m2\repository\org\springframework\boot\spring-boot-starter-json\3.0.11\spring-boot-starter-json-3.0.11.jar;C:\Users\Camila\.m2\repository\com\fasterxml\jackson\core\jackson-databind\2.14.3\jackson-databind-2.14.3.jar;C:\Users\Camila\.m2\repository\com\fasterxml\jackson\core\jackson-annotations\2.14.3\jackson-annotations-2.14.3.jar;C:\Users\Camila\.m2\repository\com\fasterxml\jackson\core\jackson-core\2.14.3\jackson-core-2.14.3.jar;C:\Users\Camila\.m2\repository\com\fasterxml\jackson\datatype\jackson-datatype-jdk8\2.14.3\jackson-datatype-jdk8-2.14.3.jar;C:\Users\Camila\.m2\repository\com\fasterxml\jackson\datatype\jackson-datatype-jsr310\2.14.3\jackson-datatype-jsr310-2.14.3.jar;C:\Users\Camila\.m2\repository\com\fasterxml\jackson\module\jackson-module-paramete
Launcher Type: SUN_STANDARD

[Global flags]
     intx CICompilerCount                          = 4                                         {product} {ergonomic}
     uint ConcGCThreads                            = 2                                         {product} {ergonomic}
     uint G1ConcRefinementThreads                  = 8                                         {product} {ergonomic}
   size_t G1HeapRegionSize                         = 2097152                                   {product} {ergonomic}
    uintx GCDrainStackTargetSize                   = 64                                        {product} {ergonomic}
   size_t InitialHeapSize                          = 266338304                                 {product} {ergonomic}
   size_t MarkStackSize                            = 4194304                                   {product} {ergonomic}
   size_t MaxHeapSize                              = 4261412864                                {product} {ergonomic}
   size_t MaxNewSize                               = 2556428288                                {product} {ergonomic}
   size_t MinHeapDeltaBytes                        = 2097152                                   {product} {ergonomic}
   size_t MinHeapSize                              = 8388608                                   {product} {ergonomic}
    uintx NonNMethodCodeHeapSize                   = 5839372                                {pd product} {ergonomic}
    uintx NonProfiledCodeHeapSize                  = 122909434                              {pd product} {ergonomic}
    uintx ProfiledCodeHeapSize                     = 122909434                              {pd product} {ergonomic}
    uintx ReservedCodeCacheSize                    = 251658240                              {pd product} {ergonomic}
     bool SegmentedCodeCache                       = true                                      {product} {ergonomic}
   size_t SoftMaxHeapSize                          = 4261412864                             {manageable} {ergonomic}
     bool UseCompressedClassPointers               = true                           {product lp64_product} {ergonomic}
     bool UseCompressedOops                        = true                           {product lp64_product} {ergonomic}
     bool UseG1GC                                  = true                                      {product} {ergonomic}
     bool UseLargePagesIndividualAllocation        = false                                  {pd product} {ergonomic}

Logging:
Log output configuration:
 #0: stdout all=warning uptime,level,tags
 #1: stderr all=off uptime,level,tags

Environment Variables:
JAVA_HOME=C:\Program Files\Java\jdk-20
PATH=C:\Program Files\Common Files\Oracle\Java\javapath;C:\Program Files (x86)\Common Files\Oracle\Java\javapath;C:\WINDOWS\system32;C:\WINDOWS;C:\WINDOWS\System32\Wbem;C:\WINDOWS\System32\WindowsPowerShell\v1.0\;C:\WINDOWS\System32\OpenSSH\;C:\WINDOWS\system32;C:\WINDOWS;C:\WINDOWS\System32\Wbem;C:\WINDOWS\System32\WindowsPowerShell\v1.0\;C:\WINDOWS\System32\OpenSSH\;C:\Program Files (x86)\NVIDIA Corporation\PhysX\Common;C:\Program Files\dotnet\;C:\Program Files (x86)\Intel\Intel(R) Management Engine Components\DAL;C:\Program Files\Intel\Intel(R) Management Engine Components\DAL;C:\Program Files\Git\cmd;C:\Program Files\MySQL\MySQL Shell 8.0\bin\;C:\Users\Camila\AppData\Local\Programs\Python\Python311\Scripts\;C:\Users\Camila\AppData\Local\Programs\Python\Python311\;C:\Users\Camila\AppData\Local\Microsoft\WindowsApps;C:\Users\Camila\AppData\Local\Programs\Microsoft VS Code\bin;C:\Users\Camila\AppData\Local\GitHubDesktop\bin;C:\Program Files\Java\jdk-20\bin;
USERNAME=Camila
OS=Windows_NT
PROCESSOR_IDENTIFIER=Intel64 Family 6 Model 158 Stepping 9, GenuineIntel
TMP=C:\Users\Camila\AppData\Local\Temp
TEMP=C:\Users\Camila\AppData\Local\Temp


JNI global refs:
JNI global refs: 14, weak refs: 0

JNI global refs memory usage: 843, weak refs: 841

OOME stack traces (most recent first):
Classloader memory used:
